

Microchip MPLAB XC8 Assembler V2.30 build 20200825195618 
                                                                                                           Thu Oct 29 13:35:21 2020


     1                           	processor	18F45K22
     2                           	pagewidth 132
     3                           	psect	const,global,reloc=2,class=CONST,delta=1,noexec
     4                           	psect	smallconst,global,reloc=2,class=SMALLCONST,delta=1,noexec
     5                           	psect	mediumconst,global,reloc=2,class=MEDIUMCONST,delta=1,noexec
     6                           	psect	rbss,global,class=COMRAM,space=1,delta=1,noexec
     7                           	psect	bss,global,class=RAM,space=1,delta=1,noexec
     8                           	psect	rdata,global,class=COMRAM,space=1,delta=1,noexec
     9                           	psect	irdata,global,reloc=2,class=CODE,delta=1,noexec
    10                           	psect	data,global,class=RAM,space=1,delta=1,noexec
    11                           	psect	idata,global,reloc=2,class=CODE,delta=1,noexec
    12                           	psect	nvrram,global,class=COMRAM,space=1,delta=1,noexec
    13                           	psect	nvbit,global,bit,class=COMRAM,space=1,delta=1,noexec
    14                           	psect	temp,global,ovrld,class=COMRAM,space=1,delta=1,noexec
    15                           	psect	struct,global,ovrld,class=COMRAM,space=1,delta=1,noexec
    16                           	psect	rbit,global,bit,class=COMRAM,space=1,delta=1,noexec
    17                           	psect	bigbss,global,class=BIGRAM,space=1,delta=1,noexec
    18                           	psect	bigdata,global,class=BIGRAM,space=1,delta=1,noexec
    19                           	psect	ibigdata,global,reloc=2,class=CODE,delta=1,noexec
    20                           	psect	farbss,global,reloc=2,class=FARRAM,delta=1,noexec
    21                           	psect	nvFARRAM,global,reloc=2,class=FARRAM,delta=1,noexec
    22                           	psect	fardata,global,reloc=2,class=FARRAM,delta=1,noexec
    23                           	psect	ifardata,global,reloc=2,class=CODE,delta=1,noexec
    24                           	psect	reset_vec,global,reloc=2,class=CODE,delta=1
    25                           	psect	powerup,global,reloc=2,class=CODE,delta=1
    26                           	psect	init,global,reloc=2,class=CODE,delta=1
    27                           	psect	text,global,reloc=2,class=CODE,delta=1
    28                           	psect	clrtext,global,reloc=2,class=CODE,delta=1
    29                           	psect	config,global,class=CONFIG,space=4,delta=1,noexec
    30                           	psect	idloc,global,class=IDLOC,space=5,delta=1,noexec
    31                           	psect	intcode,global,reloc=2,class=CODE,delta=1
    32                           	psect	intcode_body,global,reloc=2,class=CODE,delta=1
    33                           	psect	intcodelo,global,reloc=2,class=CODE,delta=1
    34                           	psect	intret,global,reloc=2,class=CODE,delta=1
    35                           	psect	intentry,global,reloc=2,class=CODE,delta=1
    36                           	psect	intsave_regs,global,class=BIGRAM,space=1,delta=1
    37                           	psect	eeprom_data,global,class=EEDATA,delta=1,noexec
    38                           	psect	ramtop,global,class=RAM,delta=1,noexec
    39                           	psect	stack,global,class=STACK,space=2,delta=1,noexec
    40                           	psect	comram,global,class=COMRAM,space=1,delta=1
    41                           	psect	abs1,global,class=ABS1,space=1,delta=1
    42                           	psect	bigram,global,class=BIGRAM,space=1,delta=1
    43                           	psect	ram,global,class=RAM,space=1,delta=1
    44                           	psect	bank0,global,class=BANK0,space=1,delta=1
    45                           	psect	bank1,global,class=BANK1,space=1,delta=1
    46                           	psect	bank2,global,class=BANK2,space=1,delta=1
    47                           	psect	bank3,global,class=BANK3,space=1,delta=1
    48                           	psect	bank4,global,class=BANK4,space=1,delta=1
    49                           	psect	bank5,global,class=BANK5,space=1,delta=1
    50                           	psect	sfr,global,class=SFR,space=1,delta=1
    51                           
    52                           ; Microchip MPLAB XC8 C Compiler V2.30
    53                           ; Copyright (C) 2020 Microchip Technology Inc.
    54                           ; Auto-generated runtime startup code for final link stage.
    55                           ;
    56                           ; Compiler options:
    57                           ;
    58                           ; -G --chip=18F45K22 -ODebug.cof main.p1
    59                           ;
    60  0000                     
    61                           ; Version 2.30
    62                           ; Generated 26/08/2020 GMT
    63                           ; 
    64                           ; Copyright © 2020, Microchip Technology Inc. and its subsidiaries ("Microchip")
    65                           ; All rights reserved.
    66                           ; 
    67                           ; This software is developed by Microchip Technology Inc. and its subsidiaries ("Microchip").
    68                           ; 
    69                           ; Redistribution and use in source and binary forms, with or without modification, are
    70                           ; permitted provided that the following conditions are met:
    71                           ; 
    72                           ;     1. Redistributions of source code must retain the above copyright notice, this list of
    73                           ;        conditions and the following disclaimer.
    74                           ; 
    75                           ;     2. Redistributions in binary form must reproduce the above copyright notice, this list
    76                           ;        of conditions and the following disclaimer in the documentation and/or other
    77                           ;        materials provided with the distribution. Publication is not required when
    78                           ;        this file is used in an embedded application.
    79                           ; 
    80                           ;     3. Microchip's name may not be used to endorse or promote products derived from this
    81                           ;        software without specific prior written permission.
    82                           ; 
    83                           ; THIS SOFTWARE IS PROVIDED BY MICROCHIP "AS IS" AND ANY EXPRESS OR IMPLIED WARRANTIES,
    84                           ; INCLUDING, BUT NOT LIMITED TO, THE IMPLIED WARRANTIES OF MERCHANTABILITY AND FITNESS FOR
    85                           ; PURPOSE ARE DISCLAIMED.  IN NO EVENT SHALL MICROCHIP BE LIABLE FOR ANY DIRECT, INDIRECT,
    86                           ; INCIDENTAL, SPECIAL, EXEMPLARY, OR CONSEQUENTIAL DAMAGES (INCLUDING BUT NOT LIMITED TO
    87                           ; PROCUREMENT OF SUBSTITUTE GOODS OR SERVICES; LOSS OF USE, DATA OR PROFITS; OR BUSINESS
    88                           ; INTERRUPTION) HOWSOEVER CAUSED AND ON ANY THEORY OF LIABILITY, WHETHER IN CONTRACT, STRICT
    89                           ; LIABILITY, OR TORT (INCLUDING NEGLIGENCE OR OTHERWISE) ARISING IN ANY WAY OUT OF THE USE OF
    90                           ; THIS SOFTWARE, EVEN IF ADVISED OF THE POSSIBILITY OF SUCH DAMAGE.
    91                           ; 
    92                           ; 
    93                           ; Code-generator required, PIC18F45K22 Definitions
    94                           ; 
    95                           ; SFR Addresses
    96  0000                     
    97                           	psect	smallconst
    98  000000                     __smallconst:
    99                           	callstack 0
   100                           
   101                           	psect	mediumconst
   102  000000                     __mediumconst:
   103                           	callstack 0	; top of RAM usage
   104                           
   105                           	psect	reset_vec
   106  000000                     
   107                           ; No powerup routine
   108                           ; jump to start
   109  000000  EF4F  F000         	goto	start
   110  0000                     
   111                           ;Initialize the stack pointer (FSR1)
   112  0000                     
   113                           	psect	init
   114  00009E                     start:
   115                           	callstack 0
   116  00009E  EFA4  F000         	goto	start_initialization	;jump to C runtime clear & initialization
   117                           
   118                           	psect	text
   119  000000                     intlevel0:
   120                           	callstack 0
   121  000000                     intlevel1:
   122                           	callstack 0
   123  000000                     intlevel2:
   124                           	callstack 0
   125  000000                     intlevel3:
   126                           	callstack 0
   127                           
   128                           	psect	ramtop
   129  000600                     __ramtop:
   130                           	callstack 0
   131                           
   132                           	psect	stack
   133  000000                     ___sp:
   134                           	callstack 0
   135  000000                     ___inthi_sp:
   136                           	callstack 0
   137  000000                     ___intlo_sp:
   138                           	callstack 0
   139                           tosu	equ	0xFFF
   140                           tosh	equ	0xFFE
   141                           tosl	equ	0xFFD
   142                           stkptr	equ	0xFFC
   143                           pclatu	equ	0xFFB
   144                           pclath	equ	0xFFA
   145                           pcl	equ	0xFF9
   146                           tblptru	equ	0xFF8
   147                           tblptrh	equ	0xFF7
   148                           tblptrl	equ	0xFF6
   149                           tablat	equ	0xFF5
   150                           prodh	equ	0xFF4
   151                           prodl	equ	0xFF3
   152                           indf0	equ	0xFEF
   153                           postinc0	equ	0xFEE
   154                           postdec0	equ	0xFED
   155                           preinc0	equ	0xFEC
   156                           plusw0	equ	0xFEB
   157                           fsr0h	equ	0xFEA
   158                           fsr0l	equ	0xFE9
   159                           wreg	equ	0xFE8
   160                           indf1	equ	0xFE7
   161                           postinc1	equ	0xFE6
   162                           postdec1	equ	0xFE5
   163                           preinc1	equ	0xFE4
   164                           plusw1	equ	0xFE3
   165                           fsr1h	equ	0xFE2
   166                           fsr1l	equ	0xFE1
   167                           bsr	equ	0xFE0
   168                           indf2	equ	0xFDF
   169                           postinc2	equ	0xFDE
   170                           postdec2	equ	0xFDD
   171                           preinc2	equ	0xFDC
   172                           plusw2	equ	0xFDB
   173                           fsr2h	equ	0xFDA
   174                           fsr2l	equ	0xFD9
   175                           status	equ	0xFD8


Microchip Technology PIC18 Macro Assembler V2.30 build 20200825195618 
Symbol Table                                                                                               Thu Oct 29 13:35:21 2020

                __S1 0016                 ___sp 0000                 _main 01C6                 start 009E  
              __HRAM 0000                __LRAM 0001         __mediumconst 0000               stackhi 0005FF  
             stacklo 000060           __accesstop 000060           ___inthi_sp 0000           ___intlo_sp 0000  
            __ramtop 0600  start_initialization 0148          __smallconst 0000             intlevel0 0000  
           intlevel1 0000             intlevel2 0000             intlevel3 0000             reset_vec 0000  
